Creating User object.
Adding the address of the user.
Adding the information of the user.
Created User object.
Creating ShoppingCart object.
Adding the purchases of the customer, if there are..
Adding cart products. Minimum 1 required.
Created OrderShoppingCart object.
Creating Configuration object.
Adding urls to redirect the user according each case.
Adding channel info.
Created Configuration object.
Creating OrdersApiClient.
Creating Pagantis order.
Creating User object.
Adding the address of the user.
Adding the information of the user.
Created User object.
Creating ShoppingCart object.
Adding the purchases of the customer, if there are..
Adding cart products. Minimum 1 required.
Created OrderShoppingCart object.
Creating Configuration object.
Adding urls to redirect the user according each case.
Adding channel info.
Created Configuration object.
Creating OrdersApiClient.
Creating User object.
Adding the address of the user.
Adding the information of the user.
Created User object.
Creating ShoppingCart object.
Adding the purchases of the customer, if there are..
Adding cart products. Minimum 1 required.
Created OrderShoppingCart object.
Creating Configuration object.
Adding urls to redirect the user according each case.
Adding channel info.
Created Configuration object.
Creating OrdersApiClient.
Creating User object.
Adding the address of the user.
Adding the information of the user.
Created User object.
Creating ShoppingCart object.
Adding the purchases of the customer, if there are..
Adding cart products. Minimum 1 required.
Created OrderShoppingCart object.
Creating Configuration object.
Adding urls to redirect the user according each case.
Adding channel info.
Created Configuration object.
Creating OrdersApiClient.
Creating User object.
Adding the address of the user.
Adding the information of the user.
Created User object.
Creating ShoppingCart object.
Adding the purchases of the customer, if there are..
Adding cart products. Minimum 1 required.
Created OrderShoppingCart object.
Creating Configuration object.
Adding urls to redirect the user according each case.
Adding channel info.
Created Configuration object.
Creating OrdersApiClient.
Creating User object.
Adding the address of the user.
Adding the information of the user.
Created User object.
Creating ShoppingCart object.
Adding the purchases of the customer, if there are..
Adding cart products. Minimum 1 required.
Created OrderShoppingCart object.
Creating Configuration object.
Adding urls to redirect the user according each case.
Adding channel info.
Created Configuration object.
Creating OrdersApiClient.
Creating User object.
Adding the address of the user.
Adding the information of the user.
Created User object.
Creating ShoppingCart object.
Adding the purchases of the customer, if there are..
Adding cart products. Minimum 1 required.
Created OrderShoppingCart object.
Creating Configuration object.
Adding urls to redirect the user according each case.
Adding channel info.
Created Configuration object.
Creating OrdersApiClient.
Creating User object.
Adding the address of the user.
Adding the information of the user.
Created User object.
Creating ShoppingCart object.
Adding the purchases of the customer, if there are..
Adding cart products. Minimum 1 required.
Created OrderShoppingCart object.
Creating Configuration object.
Adding urls to redirect the user according each case.
Adding channel info.
Created Configuration object.
Creating OrdersApiClient.
Creating User object.
Adding the address of the user.
Adding the information of the user.
Created User object.
Creating ShoppingCart object.
Adding the purchases of the customer, if there are..
Adding cart products. Minimum 1 required.
Created OrderShoppingCart object.
Creating Configuration object.
Adding urls to redirect the user according each case.
Adding channel info.
Created Configuration object.
Creating OrdersApiClient.
Creating User object.
Adding the address of the user.
Adding the information of the user.
Created User object.
Creating ShoppingCart object.
Adding the purchases of the customer, if there are..
Adding cart products. Minimum 1 required.
Created OrderShoppingCart object.
Creating Configuration object.
Adding urls to redirect the user according each case.
Adding channel info.
Created Configuration object.
Creating OrdersApiClient.
Creating User object.
Adding the address of the user.
Adding the information of the user.
Created User object.
Creating ShoppingCart object.
Adding the purchases of the customer, if there are..
Adding cart products. Minimum 1 required.
Created OrderShoppingCart object.
Creating Configuration object.
Adding urls to redirect the user according each case.
Adding channel info.
Created Configuration object.
Creating OrdersApiClient.
Creating User object.
Adding the address of the user.
Adding the information of the user.
Created User object.
Creating ShoppingCart object.
Adding the purchases of the customer, if there are..
Adding cart products. Minimum 1 required.
Created OrderShoppingCart object.
Creating Configuration object.
Adding urls to redirect the user according each case.
Adding channel info.
Created Configuration object.
Creating OrdersApiClient.
Creating User object.
Adding the address of the user.
Adding the information of the user.
Created User object.
Creating ShoppingCart object.
Adding the purchases of the customer, if there are..
Adding cart products. Minimum 1 required.
Created OrderShoppingCart object.
Creating Configuration object.
Adding urls to redirect the user according each case.
Adding channel info.
Created Configuration object.
Creating OrdersApiClient.
Creating User object.
Adding the address of the user.
Adding the information of the user.
Created User object.
Creating ShoppingCart object.
Adding the purchases of the customer, if there are..
Adding cart products. Minimum 1 required.
Created OrderShoppingCart object.
Creating Configuration object.
Adding urls to redirect the user according each case.
Adding channel info.
Created Configuration object.
Creating OrdersApiClient.
Creating User object.
Adding the address of the user.
Adding the information of the user.
Created User object.
Creating ShoppingCart object.
Adding the purchases of the customer, if there are..
Adding cart products. Minimum 1 required.
Created OrderShoppingCart object.
Creating Configuration object.
Adding urls to redirect the user according each case.
Adding channel info.
Created Configuration object.
Creating OrdersApiClient.
Creating User object.
Adding the address of the user.
Adding the information of the user.
Created User object.
Creating ShoppingCart object.
Adding the purchases of the customer, if there are..
Adding cart products. Minimum 1 required.
Created OrderShoppingCart object.
Creating Configuration object.
Adding urls to redirect the user according each case.
Adding channel info.
Created Configuration object.
Creating OrdersApiClient.
Creating User object.
Adding the address of the user.
Adding the information of the user.
Created User object.
Creating ShoppingCart object.
Adding the purchases of the customer, if there are..
Adding cart products. Minimum 1 required.
Created OrderShoppingCart object.
Creating Configuration object.
Adding urls to redirect the user according each case.
Adding channel info.
Created Configuration object.
Creating OrdersApiClient.
Creating User object.
Adding the address of the user.
Adding the information of the user.
Created User object.
Creating ShoppingCart object.
Adding the purchases of the customer, if there are..
Adding cart products. Minimum 1 required.
Created OrderShoppingCart object.
Creating Configuration object.
Adding urls to redirect the user according each case.
Adding channel info.
Created Configuration object.
Creating OrdersApiClient.
Creating User object.
Adding the address of the user.
Adding the information of the user.
Created User object.
Creating ShoppingCart object.
Adding the purchases of the customer, if there are..
Adding cart products. Minimum 1 required.
Created OrderShoppingCart object.
Creating Configuration object.
Adding urls to redirect the user according each case.
Adding channel info.
Created Configuration object.
Creating OrdersApiClient.
Creating User object.
Adding the address of the user.
Adding the information of the user.
Created User object.
Creating ShoppingCart object.
Adding the purchases of the customer, if there are..
Adding cart products. Minimum 1 required.
Created OrderShoppingCart object.
Creating Configuration object.
Adding urls to redirect the user according each case.
Adding channel info.
Created Configuration object.
Creating OrdersApiClient.
Creating User object.
Adding the address of the user.
Adding the information of the user.
Created User object.
Creating ShoppingCart object.
Adding the purchases of the customer, if there are..
Adding cart products. Minimum 1 required.
Created OrderShoppingCart object.
Creating Configuration object.
Adding urls to redirect the user according each case.
Adding channel info.
Created Configuration object.
Creating OrdersApiClient.
Creating User object.
Adding the address of the user.
Adding the information of the user.
Created User object.
Creating ShoppingCart object.
Adding the purchases of the customer, if there are..
Adding cart products. Minimum 1 required.
Created OrderShoppingCart object.
Creating Configuration object.
Adding urls to redirect the user according each case.
Adding channel info.
Created Configuration object.
Creating OrdersApiClient.
Creating Pagantis order.
{
    "action_urls": {
        "form": "https://form.pagamastarde.com/orders/5e5ea292e986503aaa0b8800"
    },
    "api_version": "v2",
    "configuration": {
        "channel": {
            "type": "ONLINE",
            "assisted_sale": false
        },
        "urls": {
            "cancel": "http://127.0.0.1:8080/simpleTest.php?action=cancelOrder",
            "ko": "http://127.0.0.1:8080/simpleTest.php?action=cancelOrder",
            "authorized_notification_callback": "http://127.0.0.1:8080/simpleTest.php?action=confirmOrder",
            "rejected_notification_callback": "http://127.0.0.1:8080/simpleTest.php?action=confirmOrder",
            "ok": "http://127.0.0.1:8080/simpleTest.php?action=confirmOrder"
        },
        "purchase_country": "ES"
    },
    "created_at": "2020-03-03T06:31:46",
    "expires_at": "2020-03-03T08:31:46",
    "id": "5e5ea292e986503aaa0b8800",
    "metadata": {},
    "refunds": [],
    "shopping_cart": {
        "details": {
            "products": [
                {
                    "amount": 59999,
                    "description": "TV LG UltraPlana",
                    "quantity": 1
                }
            ],
            "shipping_cost": 0
        },
        "order_reference": "order_4159972708",
        "promoted_amount": 0,
        "total_amount": 59999
    },
    "status": "CREATED",
    "user": {
        "address": {
            "address": "Paseo de la Castellana, 95",
            "city": "Madrid",
            "country_code": "ES",
            "full_name": "María Sanchez Escudero",
            "zip_code": "28031"
        },
        "billing_address": {
            "address": "Paseo de la Castellana, 95",
            "city": "Madrid",
            "country_code": "ES",
            "full_name": "María Sanchez Escudero",
            "zip_code": "28031",
            "dni": "59661738Z",
            "fix_phone": "911231234",
            "mobile_phone": "600123123",
            "tax_id": "59661738Z",
            "national_id": "59661738Z"
        },
        "date_of_birth": "1985-12-30",
        "dni": "59661738Z",
        "email": "user@my-shop.com",
        "fix_phone": "911231234",
        "full_name": "María Sanchez Escudero",
        "mobile_phone": "600123123",
        "tax_id": "59661738Z",
        "national_id": "59661738Z",
        "order_history": [
            {
                "amount": 2499,
                "date": "2010-01-31"
            }
        ],
        "shipping_address": {
            "address": "Avenida de la diagonal 525",
            "city": "Barcelona",
            "country_code": "ES",
            "full_name": "Alberto Escudero Sanchez",
            "zip_code": "08029",
            "dni": "77695544A",
            "fix_phone": "931232345",
            "mobile_phone": "600123124",
            "tax_id": "77695544A",
            "national_id": "59661738Z"
        },
        "truncated": false
    }
}.
Redirecting to Pagantis form => https://form.pagamastarde.com/orders/5e5ea292e986503aaa0b8800.
Creating User object.
Adding the address of the user.
Adding the information of the user.
Created User object.
Creating ShoppingCart object.
Adding the purchases of the customer, if there are..
Adding cart products. Minimum 1 required.
Created OrderShoppingCart object.
Creating Configuration object.
Adding urls to redirect the user according each case.
Adding channel info.
Created Configuration object.
Creating OrdersApiClient.
Creating Pagantis order.
{
    "action_urls": {
        "form": "https://form.pagamastarde.com/orders/5e5ea296fddf9a3874b26099"
    },
    "api_version": "v2",
    "configuration": {
        "channel": {
            "type": "ONLINE",
            "assisted_sale": false
        },
        "urls": {
            "cancel": "http://127.0.0.1:8080/simpleTest.php?action=cancelOrder",
            "ko": "http://127.0.0.1:8080/simpleTest.php?action=cancelOrder",
            "authorized_notification_callback": "http://127.0.0.1:8080/simpleTest.php?action=confirmOrder",
            "rejected_notification_callback": "http://127.0.0.1:8080/simpleTest.php?action=confirmOrder",
            "ok": "http://127.0.0.1:8080/simpleTest.php?action=confirmOrder"
        },
        "purchase_country": "ES"
    },
    "created_at": "2020-03-03T06:31:50",
    "expires_at": "2020-03-03T08:31:50",
    "id": "5e5ea296fddf9a3874b26099",
    "metadata": {},
    "refunds": [],
    "shopping_cart": {
        "details": {
            "products": [
                {
                    "amount": 59999,
                    "description": "TV LG UltraPlana",
                    "quantity": 1
                }
            ],
            "shipping_cost": 0
        },
        "order_reference": "order_4159972708",
        "promoted_amount": 0,
        "total_amount": 59999
    },
    "status": "CREATED",
    "user": {
        "address": {
            "address": "Paseo de la Castellana, 95",
            "city": "Madrid",
            "country_code": "ES",
            "full_name": "María Sanchez Escudero",
            "zip_code": "28031"
        },
        "billing_address": {
            "address": "Paseo de la Castellana, 95",
            "city": "Madrid",
            "country_code": "ES",
            "full_name": "María Sanchez Escudero",
            "zip_code": "28031",
            "dni": "59661738Z",
            "fix_phone": "911231234",
            "mobile_phone": "600123123",
            "tax_id": "59661738Z",
            "national_id": "59661738Z"
        },
        "date_of_birth": "1985-12-30",
        "dni": "59661738Z",
        "email": "user@my-shop.com",
        "fix_phone": "911231234",
        "full_name": "María Sanchez Escudero",
        "mobile_phone": "600123123",
        "tax_id": "59661738Z",
        "national_id": "59661738Z",
        "order_history": [
            {
                "amount": 2499,
                "date": "2010-01-31"
            }
        ],
        "shipping_address": {
            "address": "Avenida de la diagonal 525",
            "city": "Barcelona",
            "country_code": "ES",
            "full_name": "Alberto Escudero Sanchez",
            "zip_code": "08029",
            "dni": "77695544A",
            "fix_phone": "931232345",
            "mobile_phone": "600123124",
            "tax_id": "77695544A",
            "national_id": "59661738Z"
        },
        "truncated": false
    }
}.
Redirecting to Pagantis form => https://form.pagamastarde.com/orders/5e5ea296fddf9a3874b26099.
